<?xml version="1.0" encoding="UTF-8"?>
<!-- Generated by org.testng.reporters.JUnitReportReporter -->
<testsuite skipped="0" hostname="Gabrielp" name="vue.FrmMainNGTest" tests="2" failures="0" timestamp="09 mai 2018 20:19:00 GMT" time="0.613" errors="0">
  <testcase name="testFermer" time="0.515" classname="vue.FrmMainNGTest"/>
  <testcase name="testRetourne" time="0.098" classname="vue.FrmMainNGTest"/>
</testsuite> <!-- vue.FrmMainNGTest -->
