<?xml version="1.0" encoding="UTF-8"?>
<!-- Generated by org.testng.reporters.JUnitReportReporter -->
<testsuite skipped="0" hostname="Gabrielp" name="elo.JoueurNGTest" tests="5" failures="0" timestamp="20 avr. 2018 07:04:36 GMT" time="0.004" errors="0">
  <testcase name="testToString" time="0.001" classname="elo.JoueurNGTest"/>
  <testcase name="testGetPoints" time="0.000" classname="elo.JoueurNGTest"/>
  <testcase name="testCompareTo" time="0.003" classname="elo.JoueurNGTest"/>
  <testcase name="testGetNom" time="0.000" classname="elo.JoueurNGTest"/>
  <testcase name="testToText" time="0.000" classname="elo.JoueurNGTest"/>
</testsuite> <!-- elo.JoueurNGTest -->
