<?xml version="1.0" encoding="UTF-8"?>
<!-- Generated by org.testng.reporters.JUnitReportReporter -->
<testsuite skipped="0" hostname="Gabrielp" name="vue.FrmNouveauNGTest" tests="1" failures="0" timestamp="09 mai 2018 20:08:15 GMT" time="0.147" errors="0">
  <testcase name="testValide" time="0.147" classname="vue.FrmNouveauNGTest"/>
</testsuite> <!-- vue.FrmNouveauNGTest -->
