<?xml version="1.0" encoding="UTF-8"?>
<!-- Generated by org.testng.reporters.JUnitReportReporter -->
<testsuite skipped="0" hostname="Gabrielp" name="elo.JoueurNGTest" tests="5" failures="0" timestamp="09 mai 2018 20:08:15 GMT" time="0.000" errors="0">
  <testcase name="testCompareTo" time="0.000" classname="elo.JoueurNGTest"/>
  <testcase name="testGetPoints" time="0.000" classname="elo.JoueurNGTest"/>
  <testcase name="testGetNom" time="0.000" classname="elo.JoueurNGTest"/>
  <testcase name="testToString" time="0.000" classname="elo.JoueurNGTest"/>
  <testcase name="testToText" time="0.000" classname="elo.JoueurNGTest"/>
</testsuite> <!-- elo.JoueurNGTest -->
