<?xml version="1.0" encoding="UTF-8"?>
<!-- Generated by org.testng.reporters.JUnitReportReporter -->
<testsuite skipped="0" hostname="Gabrielp" name="dao.EchecsDaoNGTest" tests="2" failures="0" timestamp="09 mai 2018 20:21:21 GMT" time="0.082" errors="0">
  <testcase name="testPosition" time="0.008" classname="dao.EchecsDaoNGTest"/>
  <testcase name="testReadEchec" time="0.074" classname="dao.EchecsDaoNGTest"/>
</testsuite> <!-- dao.EchecsDaoNGTest -->
